2019-12-23 14:20:30,310 INFO notifyConnectTimeout:200

2019-12-23 14:20:30,312 INFO notifySocketTimeout:8000

2019-12-23 14:20:30,312 INFO isHealthCheck:true

2019-12-23 14:20:30,312 INFO maxHealthCheckFailCount:12

2019-12-23 14:20:30,312 INFO maxContent:10485760

2019-12-23 14:20:31,385 INFO Schema 'NACOS' already exists.

2019-12-23 14:20:31,537 INFO Table/View 'CONFIG_INFO' already exists in Schema 'NACOS'.

2019-12-23 14:20:31,732 INFO Table/View 'HIS_CONFIG_INFO' already exists in Schema 'NACOS'.

2019-12-23 14:20:31,844 INFO Table/View 'CONFIG_INFO_BETA' already exists in Schema 'NACOS'.

2019-12-23 14:20:31,949 INFO Table/View 'CONFIG_INFO_TAG' already exists in Schema 'NACOS'.

2019-12-23 14:20:32,027 INFO Table/View 'CONFIG_INFO_AGGR' already exists in Schema 'NACOS'.

2019-12-23 14:20:32,102 INFO Table/View 'APP_LIST' already exists in Schema 'NACOS'.

2019-12-23 14:20:32,168 INFO Table/View 'APP_CONFIGDATA_RELATION_SUBS' already exists in Schema 'NACOS'.

2019-12-23 14:20:32,259 INFO Table/View 'APP_CONFIGDATA_RELATION_PUBS' already exists in Schema 'NACOS'.

2019-12-23 14:20:32,344 INFO Table/View 'CONFIG_TAGS_RELATION' already exists in Schema 'NACOS'.

2019-12-23 14:20:32,440 INFO Table/View 'GROUP_CAPACITY' already exists in Schema 'NACOS'.

2019-12-23 14:20:32,521 INFO Table/View 'TENANT_CAPACITY' already exists in Schema 'NACOS'.

2019-12-23 14:20:32,614 INFO Table/View 'TENANT_INFO' already exists in Schema 'NACOS'.

2019-12-23 14:20:32,713 INFO Table/View 'USERS' already exists in Schema 'NACOS'.

2019-12-23 14:20:32,820 INFO Table/View 'ROLES' already exists in Schema 'NACOS'.

2019-12-23 14:20:32,951 INFO The statement was aborted because it would have caused a duplicate key value in a unique or primary key constraint or unique index identified by 'SQL191216150402460' defined on 'USERS'.

2019-12-23 14:20:33,393 INFO ServerListService address-server port:8848

2019-12-23 14:20:33,393 INFO ADDRESS_SERVER_URL:http://jmenv.tbsite.net:8080/nacos/serverlist

2019-12-23 14:20:33,396 WARN [serverlist] updated to [192.168.1.13]

2019-12-23 14:20:33,512 WARN DumpService start

2019-12-23 14:20:33,514 INFO start clear all config-info.

2019-12-23 14:20:33,518 WARN clear all config-info failed.

2019-12-23 14:20:33,518 WARN clear all config-info-tenant failed.

2019-12-23 14:20:33,614 INFO [all-dump] 3 / 3

2019-12-23 14:20:33,614 INFO start clear all config-info-beta.

2019-12-23 14:20:33,614 WARN clear all config-info-beta failed.

2019-12-23 14:20:33,614 WARN clear all config-info-beta-tenant failed.

2019-12-23 14:20:33,625 INFO start clear all config-info-tag.

2019-12-23 14:20:33,625 WARN clear all config-info-tag failed.

2019-12-23 14:20:33,625 WARN clear all config-info-tag-tenant failed.

