2020-01-03 11:27:01,354 INFO PERFORMANCE:|0|0|-1|-1

2020-01-03 11:32:01,364 INFO PERFORMANCE:|0|0|-1|-1

2020-01-03 11:37:01,372 INFO PERFORMANCE:|0|0|-1|-1

2020-01-03 11:42:01,379 INFO PERFORMANCE:|0|0|-1|-1

2020-01-03 11:47:01,387 INFO PERFORMANCE:|2|0|-1|-1

2020-01-03 11:52:01,394 INFO PERFORMANCE:|2|0|-1|-1

2020-01-03 11:57:01,401 INFO PERFORMANCE:|2|1|-1|-1

2020-01-03 12:02:01,409 INFO PERFORMANCE:|2|1|-1|-1

2020-01-03 12:07:01,416 INFO PERFORMANCE:|2|1|-1|-1

2020-01-03 12:12:01,423 INFO PERFORMANCE:|2|1|-1|-1

2020-01-03 12:17:01,430 INFO PERFORMANCE:|2|1|-1|-1

2020-01-03 12:22:01,437 INFO PERFORMANCE:|2|1|-1|-1

2020-01-03 12:27:01,444 INFO PERFORMANCE:|2|1|-1|-1

2020-01-03 12:32:01,452 INFO PERFORMANCE:|2|1|-1|-1

2020-01-03 12:37:01,460 INFO PERFORMANCE:|2|1|-1|-1

2020-01-03 12:42:01,467 INFO PERFORMANCE:|2|1|-1|-1

2020-01-03 13:01:17,510 INFO PERFORMANCE:|2|1|-1|-1

2020-01-03 13:06:21,214 INFO PERFORMANCE:|2|0|-1|-1

2020-01-03 13:11:21,221 INFO PERFORMANCE:|2|1|-1|-1

2020-01-03 13:16:21,228 INFO PERFORMANCE:|2|1|-1|-1

2020-01-03 13:21:21,235 INFO PERFORMANCE:|2|0|-1|-1

2020-01-03 13:26:21,242 INFO PERFORMANCE:|2|0|-1|-1

2020-01-03 13:31:21,249 INFO PERFORMANCE:|2|1|-1|-1

2020-01-03 13:36:21,256 INFO PERFORMANCE:|2|1|-1|-1

2020-01-03 13:41:21,263 INFO PERFORMANCE:|2|1|-1|-1

2020-01-03 13:46:21,270 INFO PERFORMANCE:|2|1|-1|-1

2020-01-03 13:51:21,277 INFO PERFORMANCE:|2|1|-1|-1

2020-01-03 13:56:21,284 INFO PERFORMANCE:|2|1|-1|-1

2020-01-03 14:01:21,291 INFO PERFORMANCE:|2|1|-1|-1

2020-01-03 14:06:21,298 INFO PERFORMANCE:|2|1|-1|-1

2020-01-03 14:11:21,305 INFO PERFORMANCE:|2|1|-1|-1

2020-01-03 14:16:21,313 INFO PERFORMANCE:|2|1|-1|-1

2020-01-03 14:21:21,320 INFO PERFORMANCE:|2|1|-1|-1

2020-01-03 14:26:21,327 INFO PERFORMANCE:|2|1|-1|-1

2020-01-03 14:31:21,334 INFO PERFORMANCE:|2|1|-1|-1

2020-01-03 14:36:21,341 INFO PERFORMANCE:|2|1|-1|-1

2020-01-03 14:41:21,348 INFO PERFORMANCE:|2|1|-1|-1

2020-01-03 14:46:21,355 INFO PERFORMANCE:|2|1|-1|-1

2020-01-03 14:51:21,360 INFO PERFORMANCE:|2|1|-1|-1

2020-01-03 14:56:21,367 INFO PERFORMANCE:|2|1|-1|-1

2020-01-03 15:01:21,374 INFO PERFORMANCE:|2|1|-1|-1

2020-01-03 15:49:15,524 INFO PERFORMANCE:|2|1|-1|-1

2020-01-03 15:54:15,531 INFO PERFORMANCE:|2|1|-1|-1

2020-01-03 15:59:15,538 INFO PERFORMANCE:|2|1|-1|-1

2020-01-03 16:04:15,545 INFO PERFORMANCE:|2|1|-1|-1

2020-01-03 16:09:15,552 INFO PERFORMANCE:|2|1|-1|-1

2020-01-03 16:14:15,559 INFO PERFORMANCE:|2|1|-1|-1

2020-01-03 16:19:15,566 INFO PERFORMANCE:|2|1|-1|-1

2020-01-03 16:24:15,573 INFO PERFORMANCE:|2|1|-1|-1

